<?xml version="1.0" encoding="UTF-8"?>
<!-- Generated by org.testng.reporters.JUnitXMLReporter -->
<testsuite ignored="0" hostname="LAPTOP-RG1KPSJ0" failures="0" tests="4" name="FirstTest" time="0.077" errors="0" timestamp="2021-03-09T01:39:43 IST">
  <testcase classname="parallelTests.IndependantThread" name="testMethod" time="0.013"/>
  <testcase classname="parallelTests.IndependantThread" name="testMethod" time="0.013"/>
  <testcase classname="parallelTests.IndependantThread" name="testMethod" time="0.002"/>
  <testcase classname="parallelTests.IndependantThread" name="testMethod" time="0.002"/>
</testsuite> <!-- FirstTest -->
