<?xml version="1.0" encoding="UTF-8"?>
<!-- Generated by org.testng.reporters.JUnitXMLReporter -->
<testsuite ignored="0" hostname="LAPTOP-RG1KPSJ0" failures="0" tests="6" name="Test testOne" time="0.067" errors="0" timestamp="2021-03-09T01:28:29 IST">
  <testcase classname="parallelTests.TestClass2" name="TestOne" time="0.007"/>
  <testcase classname="parallelTests.TestClass1" name="TestOne" time="0.006"/>
  <testcase classname="parallelTests.TestClass1" name="TestThree" time="0.002"/>
  <testcase classname="parallelTests.TestClass2" name="TestThree" time="0.003"/>
  <testcase classname="parallelTests.TestClass1" name="TestTwo" time="0.001"/>
  <testcase classname="parallelTests.TestClass2" name="TestTwo" time="0.001"/>
</testsuite> <!-- Test testOne -->
